<?xml version="1.0" encoding="UTF-8"?>
<!-- Generated by org.testng.reporters.JUnitReportReporter -->
<testsuite hostname="LAPTOP-9CT5NANH" failures="0" tests="1" name="com.checkerSoftware.testCases.SMS_Survey_Auto" time="14.833" errors="0" timestamp="2022-06-19T01:49:05 IST" skipped="0">
  <testcase classname="com.checkerSoftware.testCases.SMS_Survey_Auto" name="createNewSampleRow" time="14.833"/>
  <system-out/>
</testsuite> <!-- com.checkerSoftware.testCases.SMS_Survey_Auto -->
