<?xml version="1.0" encoding="UTF-8"?>
<!-- Generated by org.testng.reporters.JUnitReportReporter -->
<testsuite hostname="LAPTOP-9CT5NANH" failures="0" tests="1" name="com.checkerSoftware.testCases.xPractice" time="0.010" errors="0" timestamp="2022-06-27T16:15:40 IST" skipped="0">
  <testcase classname="com.checkerSoftware.testCases.xPractice" name="excel" time="0.010"/>
  <system-out/>
</testsuite> <!-- com.checkerSoftware.testCases.xPractice -->
