<?xml version="1.0" encoding="UTF-8"?>
<!-- Generated by org.testng.reporters.JUnitReportReporter -->
<testsuite hostname="LAPTOP-9CT5NANH" failures="0" tests="1" name="qa.checkerField.Android.BaseAndroidNew" time="0.005" errors="0" timestamp="2022-07-19T15:50:05 IST" skipped="0">
  <testcase classname="qa.checkerField.Android.BaseAndroidNew" name="f" time="0.005"/>
  <system-out/>
</testsuite> <!-- qa.checkerField.Android.BaseAndroidNew -->
