<?xml version="1.0" encoding="UTF-8"?>
<!-- Generated by org.testng.reporters.JUnitReportReporter -->
<testsuite hostname="LAPTOP-9CT5NANH" failures="0" tests="1" name="qa.checkerField.Base.BaseTest" time="17.142" errors="0" timestamp="2022-07-20T09:17:23 IST" skipped="0">
  <testcase classname="qa.checkerField.Base.BaseTest" name="f" time="17.142"/>
  <system-out/>
</testsuite> <!-- qa.checkerField.Base.BaseTest -->
