<?xml version="1.0" encoding="UTF-8"?>
<!-- Generated by org.testng.reporters.JUnitReportReporter -->
<testsuite hostname="LAPTOP-9CT5NANH" failures="0" tests="4" name="com.checkerSoftware.testCases.Email_Survey_Updated_In_Survey_Body_Auto_Test" time="198.677" errors="0" timestamp="2022-09-02T10:17:59 IST" skipped="0">
  <testcase classname="com.checkerSoftware.testCases.Email_Survey_Updated_In_Survey_Body_Auto_Test" name="Validate_Thankyou_EMail" time="92.657"/>
  <system-out/>
  <testcase classname="com.checkerSoftware.testCases.Email_Survey_Updated_In_Survey_Body_Auto_Test" name="CeditSurvey" time="46.238"/>
  <system-out/>
  <testcase classname="com.checkerSoftware.testCases.Email_Survey_Updated_In_Survey_Body_Auto_Test" name="DxEmailLogin_SurveySubmit" time="50.730"/>
  <system-out/>
  <testcase classname="com.checkerSoftware.testCases.Email_Survey_Updated_In_Survey_Body_Auto_Test" name="BcreateNewSampleRowEmail" time="9.052"/>
  <system-out/>
</testsuite> <!-- com.checkerSoftware.testCases.Email_Survey_Updated_In_Survey_Body_Auto_Test -->
