<?xml version="1.0" encoding="UTF-8"?>
<!-- Generated by org.testng.reporters.JUnitReportReporter -->
<testsuite hostname="LAPTOP-9CT5NANH" failures="0" tests="1" name="com.checkerFieldSurvey.Android.Test.GetQuotaAndAllocationFromServer" time="2.159" errors="0" timestamp="2022-07-25T11:07:11 IST" skipped="0">
  <testcase classname="com.checkerFieldSurvey.Android.Test.GetQuotaAndAllocationFromServer" name="getQuotaAndAllocationFromserver" time="2.159"/>
  <system-out/>
</testsuite> <!-- com.checkerFieldSurvey.Android.Test.GetQuotaAndAllocationFromServer -->
