<?xml version="1.0" encoding="UTF-8"?>
<!-- Generated by org.testng.reporters.JUnitReportReporter -->
<testsuite hostname="LAPTOP-9CT5NANH" failures="0" tests="2" name="com.checkerSoftware.testCases.SMS_Survey_Auto_Test" time="30.567" errors="0" timestamp="2022-09-02T10:30:42 IST" skipped="0">
  <testcase classname="com.checkerSoftware.testCases.SMS_Survey_Auto_Test" name="sendSurveyInvitationBySMS" time="13.979"/>
  <system-out/>
  <testcase classname="com.checkerSoftware.testCases.SMS_Survey_Auto_Test" name="createNewSampleRowSMS" time="16.588"/>
  <system-out/>
</testsuite> <!-- com.checkerSoftware.testCases.SMS_Survey_Auto_Test -->
