<?xml version="1.0" encoding="UTF-8"?>
<!-- Generated by org.testng.reporters.JUnitReportReporter -->
<testsuite hostname="LAPTOP-9CT5NANH" failures="0" tests="4" name="com.checkerSoftware.testCases.Email_Survey_Updated_In_Survey_Hindi_Language_" time="133.992" errors="0" timestamp="2022-09-19T11:35:07 IST" skipped="0">
  <testcase classname="com.checkerSoftware.testCases.Email_Survey_Updated_In_Survey_Hindi_Language_" name="BcreateNewSampleRowEmail" time="8.417"/>
  <system-out/>
  <testcase classname="com.checkerSoftware.testCases.Email_Survey_Updated_In_Survey_Hindi_Language_" name="Validate_Thankyou_EMail" time="25.966"/>
  <system-out/>
  <testcase classname="com.checkerSoftware.testCases.Email_Survey_Updated_In_Survey_Hindi_Language_" name="CeditSurvey" time="48.878"/>
  <system-out/>
  <testcase classname="com.checkerSoftware.testCases.Email_Survey_Updated_In_Survey_Hindi_Language_" name="DxEmailLogin_SurveySubmit" time="50.731"/>
  <system-out/>
</testsuite> <!-- com.checkerSoftware.testCases.Email_Survey_Updated_In_Survey_Hindi_Language_ -->
