<?xml version="1.0" encoding="UTF-8"?>
<!-- Generated by org.testng.reporters.JUnitReportReporter -->
<testsuite hostname="LAPTOP-9CT5NANH" failures="0" tests="1" name="com.checkerFieldSurvey.Android.Test.CAPI_Validate_Save_and_Exit_Functionality" time="352.789" errors="0" timestamp="2022-08-03T17:32:22 IST" skipped="0">
  <testcase classname="com.checkerFieldSurvey.Android.Test.CAPI_Validate_Save_and_Exit_Functionality" name="Validate_Save_and_Exit" time="352.789"/>
  <system-out/>
</testsuite> <!-- com.checkerFieldSurvey.Android.Test.CAPI_Validate_Save_and_Exit_Functionality -->
