<?xml version="1.0" encoding="UTF-8"?>
<!-- Generated by org.testng.reporters.JUnitReportReporter -->
<testsuite hostname="LAPTOP-9CT5NANH" failures="0" tests="4" name="com.checkerSoftware.testCases.Email_Survey_Updated_In_Survey_Body_Auto_Test" time="137.884" errors="0" timestamp="2022-09-19T11:35:07 IST" skipped="0">
  <testcase classname="com.checkerSoftware.testCases.Email_Survey_Updated_In_Survey_Body_Auto_Test" name="DxEmailLogin_SurveySubmit" time="54.471"/>
  <system-out/>
  <testcase classname="com.checkerSoftware.testCases.Email_Survey_Updated_In_Survey_Body_Auto_Test" name="CeditSurvey" time="48.052"/>
  <system-out/>
  <testcase classname="com.checkerSoftware.testCases.Email_Survey_Updated_In_Survey_Body_Auto_Test" name="Validate_Thankyou_EMail" time="26.449"/>
  <system-out/>
  <testcase classname="com.checkerSoftware.testCases.Email_Survey_Updated_In_Survey_Body_Auto_Test" name="BcreateNewSampleRowEmail" time="8.912"/>
  <system-out/>
</testsuite> <!-- com.checkerSoftware.testCases.Email_Survey_Updated_In_Survey_Body_Auto_Test -->
