<?xml version="1.0" encoding="UTF-8"?>
<!-- Generated by org.testng.reporters.JUnitReportReporter -->
<testsuite hostname="LAPTOP-9CT5NANH" failures="0" tests="2" name="com.checkerSoftware.testCases.SMS_Survey_Auto_Test" time="26.258" errors="0" timestamp="2022-09-19T11:35:07 IST" skipped="0">
  <testcase classname="com.checkerSoftware.testCases.SMS_Survey_Auto_Test" name="sendSurveyInvitationBySMS" time="14.730"/>
  <system-out/>
  <testcase classname="com.checkerSoftware.testCases.SMS_Survey_Auto_Test" name="createNewSampleRowSMS" time="11.528"/>
  <system-out/>
</testsuite> <!-- com.checkerSoftware.testCases.SMS_Survey_Auto_Test -->
