<?xml version="1.0" encoding="UTF-8"?>
<!-- Generated by org.testng.reporters.JUnitReportReporter -->
<testsuite hostname="LAPTOP-9CT5NANH" failures="0" tests="1" name="com.checkerSoftware.testCases.practice" time="0.010" errors="0" timestamp="2022-06-18T20:12:57 IST" skipped="0">
  <testcase classname="com.checkerSoftware.testCases.practice" name="demo" time="0.010"/>
  <system-out/>
</testsuite> <!-- com.checkerSoftware.testCases.practice -->
